  Game.cpp
D:\SFML C++ Projects\Assignment 2\Assignment 2\Game.cpp(158,68): warning C4244: 'argument': conversion from 'int' to 'float', possible loss of data
D:\SFML C++ Projects\Assignment 2\Assignment 2\Game.cpp(158,48): warning C4244: 'argument': conversion from 'int' to 'float', possible loss of data
C:\Program Files\Microsoft Visual Studio\2022\Community\VC\Tools\MSVC\14.35.32215\include\xutility(261,71): warning C4244: 'argument': conversion from '_Ty' to 'float', possible loss of data
          with
          [
              _Ty=int
          ]
C:\Program Files\Microsoft Visual Studio\2022\Community\VC\Tools\MSVC\14.35.32215\include\xutility(260,16): message : see reference to function template instantiation '_Ty *std::construct_at<_Ty,int,int,sf::Color,sf::Color,int,0x0>(_Ty *const ,int &&,int &&,sf::Color &&,sf::Color &&,int &&) noexcept(<expr>)' being compiled
          with
          [
              _Ty=CShape
          ]
C:\Program Files\Microsoft Visual Studio\2022\Community\VC\Tools\MSVC\14.35.32215\include\memory(1983): message : see reference to function template instantiation 'void std::_Construct_in_place<_Ty,int,int,sf::Color,sf::Color,int>(_Ty &,int &&,int &&,sf::Color &&,sf::Color &&,int &&) noexcept(false)' being compiled
          with
          [
              _Ty=CShape
          ]
C:\Program Files\Microsoft Visual Studio\2022\Community\VC\Tools\MSVC\14.35.32215\include\memory(2663): message : see reference to function template instantiation 'std::_Ref_count_obj2<CShape>::_Ref_count_obj2<_Ty,_Ty,sf::Color,sf::Color,_Ty>(_Ty &&,_Ty &&,sf::Color &&,sf::Color &&,_Ty &&)' being compiled
          with
          [
              _Ty=int
          ]
C:\Program Files\Microsoft Visual Studio\2022\Community\VC\Tools\MSVC\14.35.32215\include\memory(2664,20): message : see reference to function template instantiation 'std::_Ref_count_obj2<CShape>::_Ref_count_obj2<_Ty,_Ty,sf::Color,sf::Color,_Ty>(_Ty &&,_Ty &&,sf::Color &&,sf::Color &&,_Ty &&)' being compiled
          with
          [
              _Ty=int
          ]
D:\SFML C++ Projects\Assignment 2\Assignment 2\Game.cpp(261,126): message : see reference to function template instantiation 'std::shared_ptr<CShape> std::make_shared<CShape,int,int,sf::Color,sf::Color,int>(int &&,int &&,sf::Color &&,sf::Color &&,int &&)' being compiled
C:\Program Files\Microsoft Visual Studio\2022\Community\VC\Tools\MSVC\14.35.32215\include\xutility(275,77): warning C4244: 'argument': conversion from '_Ty' to 'float', possible loss of data
          with
          [
              _Ty=int
          ]
C:\Program Files\Microsoft Visual Studio\2022\Community\VC\Tools\MSVC\14.35.32215\include\xutility(262,85): warning C4244: 'argument': conversion from '_Ty' to 'float', possible loss of data
          with
          [
              _Ty=int
          ]
C:\Program Files\Microsoft Visual Studio\2022\Community\VC\Tools\MSVC\14.35.32215\include\xutility(268): message : see reference to function template instantiation '_Ty *std::construct_at<_Ty,int,int,sf::Color,sf::Color,int,0x0>(_Ty *const ,int &&,int &&,sf::Color &&,sf::Color &&,int &&) noexcept(false)' being compiled
          with
          [
              _Ty=CShape
          ]
C:\Program Files\Microsoft Visual Studio\2022\Community\VC\Tools\MSVC\14.35.32215\include\memory(1983): message : see reference to function template instantiation 'void std::_Construct_in_place<_Ty,int,int,sf::Color,sf::Color,int>(_Ty &,int &&,int &&,sf::Color &&,sf::Color &&,int &&) noexcept(false)' being compiled
          with
          [
              _Ty=CShape
          ]
  Assignment 2.vcxproj -> D:\SFML C++ Projects\Assignment 2\x64\Debug\Assignment 2.exe
