  Lecture05.cpp
sfml-graphics-s-d.lib(RenderStates.obj) : error LNK2038: mismatch detected for '_ITERATOR_DEBUG_LEVEL': value '2' doesn't match value '0' in Lecture05.obj
sfml-graphics-s-d.lib(RenderStates.obj) : error LNK2038: mismatch detected for 'RuntimeLibrary': value 'MDd_DynamicDebug' doesn't match value 'MD_DynamicRelease' in Lecture05.obj
sfml-graphics-s-d.lib(CircleShape.obj) : error LNK2038: mismatch detected for '_ITERATOR_DEBUG_LEVEL': value '2' doesn't match value '0' in Lecture05.obj
sfml-graphics-s-d.lib(CircleShape.obj) : error LNK2038: mismatch detected for 'RuntimeLibrary': value 'MDd_DynamicDebug' doesn't match value 'MD_DynamicRelease' in Lecture05.obj
sfml-graphics-s-d.lib(RenderWindow.obj) : error LNK2038: mismatch detected for '_ITERATOR_DEBUG_LEVEL': value '2' doesn't match value '0' in Lecture05.obj
sfml-graphics-s-d.lib(RenderWindow.obj) : error LNK2038: mismatch detected for 'RuntimeLibrary': value 'MDd_DynamicDebug' doesn't match value 'MD_DynamicRelease' in Lecture05.obj
sfml-graphics-s-d.lib(Color.obj) : error LNK2038: mismatch detected for '_ITERATOR_DEBUG_LEVEL': value '2' doesn't match value '0' in Lecture05.obj
sfml-graphics-s-d.lib(Color.obj) : error LNK2038: mismatch detected for 'RuntimeLibrary': value 'MDd_DynamicDebug' doesn't match value 'MD_DynamicRelease' in Lecture05.obj
sfml-graphics-s-d.lib(RenderTarget.obj) : error LNK2038: mismatch detected for '_ITERATOR_DEBUG_LEVEL': value '2' doesn't match value '0' in Lecture05.obj
sfml-graphics-s-d.lib(RenderTarget.obj) : error LNK2038: mismatch detected for 'RuntimeLibrary': value 'MDd_DynamicDebug' doesn't match value 'MD_DynamicRelease' in Lecture05.obj
sfml-graphics-s-d.lib(Shape.obj) : error LNK2038: mismatch detected for '_ITERATOR_DEBUG_LEVEL': value '2' doesn't match value '0' in Lecture05.obj
sfml-graphics-s-d.lib(Shape.obj) : error LNK2038: mismatch detected for 'RuntimeLibrary': value 'MDd_DynamicDebug' doesn't match value 'MD_DynamicRelease' in Lecture05.obj
sfml-graphics-s-d.lib(Transform.obj) : error LNK2038: mismatch detected for '_ITERATOR_DEBUG_LEVEL': value '2' doesn't match value '0' in Lecture05.obj
sfml-graphics-s-d.lib(Transform.obj) : error LNK2038: mismatch detected for 'RuntimeLibrary': value 'MDd_DynamicDebug' doesn't match value 'MD_DynamicRelease' in Lecture05.obj
sfml-graphics-s-d.lib(Texture.obj) : error LNK2038: mismatch detected for '_ITERATOR_DEBUG_LEVEL': value '2' doesn't match value '0' in Lecture05.obj
sfml-graphics-s-d.lib(Texture.obj) : error LNK2038: mismatch detected for 'RuntimeLibrary': value 'MDd_DynamicDebug' doesn't match value 'MD_DynamicRelease' in Lecture05.obj
sfml-graphics-s-d.lib(GLCheck.obj) : error LNK2038: mismatch detected for '_ITERATOR_DEBUG_LEVEL': value '2' doesn't match value '0' in Lecture05.obj
sfml-graphics-s-d.lib(GLCheck.obj) : error LNK2038: mismatch detected for 'RuntimeLibrary': value 'MDd_DynamicDebug' doesn't match value 'MD_DynamicRelease' in Lecture05.obj
sfml-graphics-s-d.lib(RenderTextureImplFBO.obj) : error LNK2038: mismatch detected for '_ITERATOR_DEBUG_LEVEL': value '2' doesn't match value '0' in Lecture05.obj
sfml-graphics-s-d.lib(RenderTextureImplFBO.obj) : error LNK2038: mismatch detected for 'RuntimeLibrary': value 'MDd_DynamicDebug' doesn't match value 'MD_DynamicRelease' in Lecture05.obj
sfml-graphics-s-d.lib(GLExtensions.obj) : error LNK2038: mismatch detected for '_ITERATOR_DEBUG_LEVEL': value '2' doesn't match value '0' in Lecture05.obj
sfml-graphics-s-d.lib(GLExtensions.obj) : error LNK2038: mismatch detected for 'RuntimeLibrary': value 'MDd_DynamicDebug' doesn't match value 'MD_DynamicRelease' in Lecture05.obj
sfml-graphics-s-d.lib(View.obj) : error LNK2038: mismatch detected for '_ITERATOR_DEBUG_LEVEL': value '2' doesn't match value '0' in Lecture05.obj
sfml-graphics-s-d.lib(View.obj) : error LNK2038: mismatch detected for 'RuntimeLibrary': value 'MDd_DynamicDebug' doesn't match value 'MD_DynamicRelease' in Lecture05.obj
sfml-graphics-s-d.lib(Shader.obj) : error LNK2038: mismatch detected for '_ITERATOR_DEBUG_LEVEL': value '2' doesn't match value '0' in Lecture05.obj
sfml-graphics-s-d.lib(Shader.obj) : error LNK2038: mismatch detected for 'RuntimeLibrary': value 'MDd_DynamicDebug' doesn't match value 'MD_DynamicRelease' in Lecture05.obj
sfml-graphics-s-d.lib(VertexBuffer.obj) : error LNK2038: mismatch detected for '_ITERATOR_DEBUG_LEVEL': value '2' doesn't match value '0' in Lecture05.obj
sfml-graphics-s-d.lib(VertexBuffer.obj) : error LNK2038: mismatch detected for 'RuntimeLibrary': value 'MDd_DynamicDebug' doesn't match value 'MD_DynamicRelease' in Lecture05.obj
sfml-graphics-s-d.lib(Transformable.obj) : error LNK2038: mismatch detected for '_ITERATOR_DEBUG_LEVEL': value '2' doesn't match value '0' in Lecture05.obj
sfml-graphics-s-d.lib(Transformable.obj) : error LNK2038: mismatch detected for 'RuntimeLibrary': value 'MDd_DynamicDebug' doesn't match value 'MD_DynamicRelease' in Lecture05.obj
sfml-graphics-s-d.lib(VertexArray.obj) : error LNK2038: mismatch detected for '_ITERATOR_DEBUG_LEVEL': value '2' doesn't match value '0' in Lecture05.obj
sfml-graphics-s-d.lib(VertexArray.obj) : error LNK2038: mismatch detected for 'RuntimeLibrary': value 'MDd_DynamicDebug' doesn't match value 'MD_DynamicRelease' in Lecture05.obj
sfml-graphics-s-d.lib(Image.obj) : error LNK2038: mismatch detected for '_ITERATOR_DEBUG_LEVEL': value '2' doesn't match value '0' in Lecture05.obj
sfml-graphics-s-d.lib(Image.obj) : error LNK2038: mismatch detected for 'RuntimeLibrary': value 'MDd_DynamicDebug' doesn't match value 'MD_DynamicRelease' in Lecture05.obj
sfml-graphics-s-d.lib(Glsl.obj) : error LNK2038: mismatch detected for '_ITERATOR_DEBUG_LEVEL': value '2' doesn't match value '0' in Lecture05.obj
sfml-graphics-s-d.lib(Glsl.obj) : error LNK2038: mismatch detected for 'RuntimeLibrary': value 'MDd_DynamicDebug' doesn't match value 'MD_DynamicRelease' in Lecture05.obj
sfml-graphics-s-d.lib(ImageLoader.obj) : error LNK2038: mismatch detected for '_ITERATOR_DEBUG_LEVEL': value '2' doesn't match value '0' in Lecture05.obj
sfml-graphics-s-d.lib(ImageLoader.obj) : error LNK2038: mismatch detected for 'RuntimeLibrary': value 'MDd_DynamicDebug' doesn't match value 'MD_DynamicRelease' in Lecture05.obj
sfml-window-s-d.lib(Window.obj) : error LNK2038: mismatch detected for '_ITERATOR_DEBUG_LEVEL': value '2' doesn't match value '0' in Lecture05.obj
sfml-window-s-d.lib(Window.obj) : error LNK2038: mismatch detected for 'RuntimeLibrary': value 'MDd_DynamicDebug' doesn't match value 'MD_DynamicRelease' in Lecture05.obj
sfml-window-s-d.lib(WindowBase.obj) : error LNK2038: mismatch detected for '_ITERATOR_DEBUG_LEVEL': value '2' doesn't match value '0' in Lecture05.obj
sfml-window-s-d.lib(WindowBase.obj) : error LNK2038: mismatch detected for 'RuntimeLibrary': value 'MDd_DynamicDebug' doesn't match value 'MD_DynamicRelease' in Lecture05.obj
sfml-window-s-d.lib(VideoMode.obj) : error LNK2038: mismatch detected for '_ITERATOR_DEBUG_LEVEL': value '2' doesn't match value '0' in Lecture05.obj
sfml-window-s-d.lib(VideoMode.obj) : error LNK2038: mismatch detected for 'RuntimeLibrary': value 'MDd_DynamicDebug' doesn't match value 'MD_DynamicRelease' in Lecture05.obj
sfml-window-s-d.lib(GlContext.obj) : error LNK2038: mismatch detected for '_ITERATOR_DEBUG_LEVEL': value '2' doesn't match value '0' in Lecture05.obj
sfml-window-s-d.lib(GlContext.obj) : error LNK2038: mismatch detected for 'RuntimeLibrary': value 'MDd_DynamicDebug' doesn't match value 'MD_DynamicRelease' in Lecture05.obj
sfml-window-s-d.lib(WindowImpl.obj) : error LNK2038: mismatch detected for '_ITERATOR_DEBUG_LEVEL': value '2' doesn't match value '0' in Lecture05.obj
sfml-window-s-d.lib(WindowImpl.obj) : error LNK2038: mismatch detected for 'RuntimeLibrary': value 'MDd_DynamicDebug' doesn't match value 'MD_DynamicRelease' in Lecture05.obj
sfml-window-s-d.lib(VideoModeImpl.obj) : error LNK2038: mismatch detected for '_ITERATOR_DEBUG_LEVEL': value '2' doesn't match value '0' in Lecture05.obj
sfml-window-s-d.lib(VideoModeImpl.obj) : error LNK2038: mismatch detected for 'RuntimeLibrary': value 'MDd_DynamicDebug' doesn't match value 'MD_DynamicRelease' in Lecture05.obj
sfml-window-s-d.lib(WglContext.obj) : error LNK2038: mismatch detected for '_ITERATOR_DEBUG_LEVEL': value '2' doesn't match value '0' in Lecture05.obj
sfml-window-s-d.lib(WglContext.obj) : error LNK2038: mismatch detected for 'RuntimeLibrary': value 'MDd_DynamicDebug' doesn't match value 'MD_DynamicRelease' in Lecture05.obj
sfml-window-s-d.lib(JoystickManager.obj) : error LNK2038: mismatch detected for '_ITERATOR_DEBUG_LEVEL': value '2' doesn't match value '0' in Lecture05.obj
sfml-window-s-d.lib(JoystickManager.obj) : error LNK2038: mismatch detected for 'RuntimeLibrary': value 'MDd_DynamicDebug' doesn't match value 'MD_DynamicRelease' in Lecture05.obj
sfml-window-s-d.lib(SensorManager.obj) : error LNK2038: mismatch detected for '_ITERATOR_DEBUG_LEVEL': value '2' doesn't match value '0' in Lecture05.obj
sfml-window-s-d.lib(SensorManager.obj) : error LNK2038: mismatch detected for 'RuntimeLibrary': value 'MDd_DynamicDebug' doesn't match value 'MD_DynamicRelease' in Lecture05.obj
sfml-window-s-d.lib(WindowImplWin32.obj) : error LNK2038: mismatch detected for '_ITERATOR_DEBUG_LEVEL': value '2' doesn't match value '0' in Lecture05.obj
sfml-window-s-d.lib(WindowImplWin32.obj) : error LNK2038: mismatch detected for 'RuntimeLibrary': value 'MDd_DynamicDebug' doesn't match value 'MD_DynamicRelease' in Lecture05.obj
sfml-window-s-d.lib(VulkanImplWin32.obj) : error LNK2038: mismatch detected for '_ITERATOR_DEBUG_LEVEL': value '2' doesn't match value '0' in Lecture05.obj
sfml-window-s-d.lib(VulkanImplWin32.obj) : error LNK2038: mismatch detected for 'RuntimeLibrary': value 'MDd_DynamicDebug' doesn't match value 'MD_DynamicRelease' in Lecture05.obj
sfml-window-s-d.lib(CursorImpl.obj) : error LNK2038: mismatch detected for '_ITERATOR_DEBUG_LEVEL': value '2' doesn't match value '0' in Lecture05.obj
sfml-window-s-d.lib(CursorImpl.obj) : error LNK2038: mismatch detected for 'RuntimeLibrary': value 'MDd_DynamicDebug' doesn't match value 'MD_DynamicRelease' in Lecture05.obj
sfml-window-s-d.lib(Joystick.obj) : error LNK2038: mismatch detected for '_ITERATOR_DEBUG_LEVEL': value '2' doesn't match value '0' in Lecture05.obj
sfml-window-s-d.lib(Joystick.obj) : error LNK2038: mismatch detected for 'RuntimeLibrary': value 'MDd_DynamicDebug' doesn't match value 'MD_DynamicRelease' in Lecture05.obj
sfml-window-s-d.lib(JoystickImpl.obj) : error LNK2038: mismatch detected for '_ITERATOR_DEBUG_LEVEL': value '2' doesn't match value '0' in Lecture05.obj
sfml-window-s-d.lib(JoystickImpl.obj) : error LNK2038: mismatch detected for 'RuntimeLibrary': value 'MDd_DynamicDebug' doesn't match value 'MD_DynamicRelease' in Lecture05.obj
sfml-system-s-d.lib(String.obj) : error LNK2038: mismatch detected for '_ITERATOR_DEBUG_LEVEL': value '2' doesn't match value '0' in Lecture05.obj
sfml-system-s-d.lib(String.obj) : error LNK2038: mismatch detected for 'RuntimeLibrary': value 'MDd_DynamicDebug' doesn't match value 'MD_DynamicRelease' in Lecture05.obj
sfml-system-s-d.lib(Err.obj) : error LNK2038: mismatch detected for '_ITERATOR_DEBUG_LEVEL': value '2' doesn't match value '0' in Lecture05.obj
sfml-system-s-d.lib(Err.obj) : error LNK2038: mismatch detected for 'RuntimeLibrary': value 'MDd_DynamicDebug' doesn't match value 'MD_DynamicRelease' in Lecture05.obj
LINK : warning LNK4098: defaultlib 'MSVCRTD' conflicts with use of other libs; use /NODEFAULTLIB:library
sfml-window-s-d.lib(Joystick.obj) : error LNK2001: unresolved external symbol __imp__calloc_dbg
sfml-window-s-d.lib(JoystickImpl.obj) : error LNK2001: unresolved external symbol __imp__calloc_dbg
sfml-system-s-d.lib(String.obj) : error LNK2001: unresolved external symbol __imp__calloc_dbg
sfml-window-s-d.lib(WindowImpl.obj) : error LNK2001: unresolved external symbol __imp__calloc_dbg
sfml-window-s-d.lib(WglContext.obj) : error LNK2001: unresolved external symbol __imp__calloc_dbg
sfml-window-s-d.lib(JoystickManager.obj) : error LNK2001: unresolved external symbol __imp__calloc_dbg
sfml-window-s-d.lib(WindowImplWin32.obj) : error LNK2001: unresolved external symbol __imp__calloc_dbg
sfml-graphics-s-d.lib(RenderWindow.obj) : error LNK2001: unresolved external symbol __imp__calloc_dbg
sfml-graphics-s-d.lib(Texture.obj) : error LNK2001: unresolved external symbol __imp__calloc_dbg
sfml-window-s-d.lib(Window.obj) : error LNK2001: unresolved external symbol __imp__calloc_dbg
sfml-window-s-d.lib(WindowBase.obj) : error LNK2001: unresolved external symbol __imp__calloc_dbg
sfml-window-s-d.lib(JoystickImpl.obj) : error LNK2001: unresolved external symbol __imp__invalid_parameter
sfml-system-s-d.lib(String.obj) : error LNK2001: unresolved external symbol __imp__invalid_parameter
sfml-window-s-d.lib(WglContext.obj) : error LNK2001: unresolved external symbol __imp__invalid_parameter
sfml-window-s-d.lib(JoystickManager.obj) : error LNK2001: unresolved external symbol __imp__invalid_parameter
sfml-window-s-d.lib(WindowImplWin32.obj) : error LNK2001: unresolved external symbol __imp__invalid_parameter
sfml-window-s-d.lib(VulkanImplWin32.obj) : error LNK2001: unresolved external symbol __imp__invalid_parameter
sfml-window-s-d.lib(VideoMode.obj) : error LNK2001: unresolved external symbol __imp__invalid_parameter
sfml-window-s-d.lib(GlContext.obj) : error LNK2001: unresolved external symbol __imp__invalid_parameter
sfml-window-s-d.lib(WindowImpl.obj) : error LNK2001: unresolved external symbol __imp__invalid_parameter
sfml-window-s-d.lib(VideoModeImpl.obj) : error LNK2001: unresolved external symbol __imp__invalid_parameter
sfml-graphics-s-d.lib(Glsl.obj) : error LNK2001: unresolved external symbol __imp__invalid_parameter
sfml-graphics-s-d.lib(ImageLoader.obj) : error LNK2001: unresolved external symbol __imp__invalid_parameter
sfml-window-s-d.lib(Window.obj) : error LNK2001: unresolved external symbol __imp__invalid_parameter
sfml-window-s-d.lib(WindowBase.obj) : error LNK2001: unresolved external symbol __imp__invalid_parameter
sfml-graphics-s-d.lib(RenderTextureImplFBO.obj) : error LNK2001: unresolved external symbol __imp__invalid_parameter
sfml-graphics-s-d.lib(Shader.obj) : error LNK2001: unresolved external symbol __imp__invalid_parameter
sfml-graphics-s-d.lib(VertexArray.obj) : error LNK2001: unresolved external symbol __imp__invalid_parameter
sfml-graphics-s-d.lib(Image.obj) : error LNK2001: unresolved external symbol __imp__invalid_parameter
sfml-graphics-s-d.lib(RenderTarget.obj) : error LNK2001: unresolved external symbol __imp__invalid_parameter
sfml-graphics-s-d.lib(Shape.obj) : error LNK2001: unresolved external symbol __imp__invalid_parameter
sfml-graphics-s-d.lib(Texture.obj) : error LNK2001: unresolved external symbol __imp__invalid_parameter
sfml-graphics-s-d.lib(GLCheck.obj) : error LNK2001: unresolved external symbol __imp__invalid_parameter
sfml-window-s-d.lib(JoystickImpl.obj) : error LNK2001: unresolved external symbol __imp__CrtDbgReport
sfml-system-s-d.lib(String.obj) : error LNK2001: unresolved external symbol __imp__CrtDbgReport
sfml-window-s-d.lib(WglContext.obj) : error LNK2001: unresolved external symbol __imp__CrtDbgReport
sfml-window-s-d.lib(JoystickManager.obj) : error LNK2001: unresolved external symbol __imp__CrtDbgReport
sfml-window-s-d.lib(WindowImplWin32.obj) : error LNK2001: unresolved external symbol __imp__CrtDbgReport
sfml-window-s-d.lib(VulkanImplWin32.obj) : error LNK2001: unresolved external symbol __imp__CrtDbgReport
sfml-window-s-d.lib(VideoMode.obj) : error LNK2001: unresolved external symbol __imp__CrtDbgReport
sfml-window-s-d.lib(GlContext.obj) : error LNK2001: unresolved external symbol __imp__CrtDbgReport
sfml-window-s-d.lib(WindowImpl.obj) : error LNK2001: unresolved external symbol __imp__CrtDbgReport
sfml-window-s-d.lib(VideoModeImpl.obj) : error LNK2001: unresolved external symbol __imp__CrtDbgReport
sfml-graphics-s-d.lib(Glsl.obj) : error LNK2001: unresolved external symbol __imp__CrtDbgReport
sfml-graphics-s-d.lib(ImageLoader.obj) : error LNK2001: unresolved external symbol __imp__CrtDbgReport
sfml-window-s-d.lib(Window.obj) : error LNK2001: unresolved external symbol __imp__CrtDbgReport
sfml-window-s-d.lib(WindowBase.obj) : error LNK2001: unresolved external symbol __imp__CrtDbgReport
sfml-graphics-s-d.lib(RenderTextureImplFBO.obj) : error LNK2001: unresolved external symbol __imp__CrtDbgReport
sfml-graphics-s-d.lib(Shader.obj) : error LNK2001: unresolved external symbol __imp__CrtDbgReport
sfml-graphics-s-d.lib(VertexArray.obj) : error LNK2001: unresolved external symbol __imp__CrtDbgReport
sfml-graphics-s-d.lib(Image.obj) : error LNK2001: unresolved external symbol __imp__CrtDbgReport
sfml-graphics-s-d.lib(RenderTarget.obj) : error LNK2001: unresolved external symbol __imp__CrtDbgReport
sfml-graphics-s-d.lib(Shape.obj) : error LNK2001: unresolved external symbol __imp__CrtDbgReport
sfml-graphics-s-d.lib(Texture.obj) : error LNK2001: unresolved external symbol __imp__CrtDbgReport
sfml-graphics-s-d.lib(GLCheck.obj) : error LNK2001: unresolved external symbol __imp__CrtDbgReport
D:\SFML C++ Projects\Assignment 2\x64\Release\Assignment 2.exe : fatal error LNK1120: 3 unresolved externals
